<?xml version="1.0" encoding="UTF-8"?>
<testsuite xmlns:xsi="http://www.w3.org/2001/XMLSchema-instance" xsi:noNamespaceSchemaLocation="https://maven.apache.org/surefire/maven-surefire-plugin/xsd/surefire-test-report.xsd" name="org.smyld.app.spe.SPortalEngineApplicationTests" time="3.221" tests="4" errors="0" skipped="0" failures="0">
  <properties>
    <property name="sun.desktop" value="gnome"/>
    <property name="awt.toolkit" value="sun.awt.X11.XToolkit"/>
    <property name="java.specification.version" value="9"/>
    <property name="file.encoding.pkg" value="sun.io"/>
    <property name="sun.cpu.isalist" value=""/>
    <property name="sun.jnu.encoding" value="UTF-8"/>
    <property name="java.class.path" value="/media/mfjamil/Ubuntu_second/work/java/smyld-java/apps/pe/SPortalEngine/target/test-classes:/media/mfjamil/Ubuntu_second/work/java/smyld-java/apps/pe/SPortalEngine/target/classes:/home/mfjamil/.m2/repository/org/springframework/boot/spring-boot-starter/2.1.5.RELEASE/spring-boot-starter-2.1.5.RELEASE.jar:/home/mfjamil/.m2/repository/org/springframework/boot/spring-boot/2.1.5.RELEASE/spring-boot-2.1.5.RELEASE.jar:/home/mfjamil/.m2/repository/org/springframework/spring-context/5.1.7.RELEASE/spring-context-5.1.7.RELEASE.jar:/home/mfjamil/.m2/repository/org/springframework/spring-aop/5.1.7.RELEASE/spring-aop-5.1.7.RELEASE.jar:/home/mfjamil/.m2/repository/org/springframework/spring-beans/5.1.7.RELEASE/spring-beans-5.1.7.RELEASE.jar:/home/mfjamil/.m2/repository/org/springframework/spring-expression/5.1.7.RELEASE/spring-expression-5.1.7.RELEASE.jar:/home/mfjamil/.m2/repository/org/springframework/boot/spring-boot-autoconfigure/2.1.5.RELEASE/spring-boot-autoconfigure-2.1.5.RELEASE.jar:/home/mfjamil/.m2/repository/org/springframework/boot/spring-boot-starter-logging/2.1.5.RELEASE/spring-boot-starter-logging-2.1.5.RELEASE.jar:/home/mfjamil/.m2/repository/ch/qos/logback/logback-classic/1.2.3/logback-classic-1.2.3.jar:/home/mfjamil/.m2/repository/ch/qos/logback/logback-core/1.2.3/logback-core-1.2.3.jar:/home/mfjamil/.m2/repository/org/apache/logging/log4j/log4j-to-slf4j/2.11.2/log4j-to-slf4j-2.11.2.jar:/home/mfjamil/.m2/repository/org/apache/logging/log4j/log4j-api/2.11.2/log4j-api-2.11.2.jar:/home/mfjamil/.m2/repository/org/slf4j/jul-to-slf4j/1.7.26/jul-to-slf4j-1.7.26.jar:/home/mfjamil/.m2/repository/javax/annotation/javax.annotation-api/1.3.2/javax.annotation-api-1.3.2.jar:/home/mfjamil/.m2/repository/org/springframework/spring-core/5.1.7.RELEASE/spring-core-5.1.7.RELEASE.jar:/home/mfjamil/.m2/repository/org/springframework/spring-jcl/5.1.7.RELEASE/spring-jcl-5.1.7.RELEASE.jar:/home/mfjamil/.m2/repository/org/yaml/snakeyaml/1.23/snakeyaml-1.23.jar:/home/mfjamil/.m2/repository/org/springframework/boot/spring-boot-starter-test/2.1.5.RELEASE/spring-boot-starter-test-2.1.5.RELEASE.jar:/home/mfjamil/.m2/repository/org/springframework/boot/spring-boot-test/2.1.5.RELEASE/spring-boot-test-2.1.5.RELEASE.jar:/home/mfjamil/.m2/repository/org/springframework/boot/spring-boot-test-autoconfigure/2.1.5.RELEASE/spring-boot-test-autoconfigure-2.1.5.RELEASE.jar:/home/mfjamil/.m2/repository/com/jayway/jsonpath/json-path/2.4.0/json-path-2.4.0.jar:/home/mfjamil/.m2/repository/net/minidev/json-smart/2.3/json-smart-2.3.jar:/home/mfjamil/.m2/repository/net/minidev/accessors-smart/1.2/accessors-smart-1.2.jar:/home/mfjamil/.m2/repository/org/ow2/asm/asm/5.0.4/asm-5.0.4.jar:/home/mfjamil/.m2/repository/org/slf4j/slf4j-api/1.7.26/slf4j-api-1.7.26.jar:/home/mfjamil/.m2/repository/junit/junit/4.12/junit-4.12.jar:/home/mfjamil/.m2/repository/org/assertj/assertj-core/3.11.1/assertj-core-3.11.1.jar:/home/mfjamil/.m2/repository/org/mockito/mockito-core/2.23.4/mockito-core-2.23.4.jar:/home/mfjamil/.m2/repository/net/bytebuddy/byte-buddy/1.9.12/byte-buddy-1.9.12.jar:/home/mfjamil/.m2/repository/net/bytebuddy/byte-buddy-agent/1.9.12/byte-buddy-agent-1.9.12.jar:/home/mfjamil/.m2/repository/org/objenesis/objenesis/2.6/objenesis-2.6.jar:/home/mfjamil/.m2/repository/org/hamcrest/hamcrest-core/1.3/hamcrest-core-1.3.jar:/home/mfjamil/.m2/repository/org/hamcrest/hamcrest-library/1.3/hamcrest-library-1.3.jar:/home/mfjamil/.m2/repository/org/skyscreamer/jsonassert/1.5.0/jsonassert-1.5.0.jar:/home/mfjamil/.m2/repository/com/vaadin/external/google/android-json/0.0.20131108.vaadin1/android-json-0.0.20131108.vaadin1.jar:/home/mfjamil/.m2/repository/org/springframework/spring-test/5.1.7.RELEASE/spring-test-5.1.7.RELEASE.jar:/home/mfjamil/.m2/repository/org/xmlunit/xmlunit-core/2.6.2/xmlunit-core-2.6.2.jar:/home/mfjamil/.m2/repository/javax/xml/bind/jaxb-api/2.3.1/jaxb-api-2.3.1.jar:/home/mfjamil/.m2/repository/javax/activation/javax.activation-api/1.2.0/javax.activation-api-1.2.0.jar:/media/mfjamil/Ubuntu_second/work/java/smyld-java/apps/pe/PECore/target/PECore-1.0.2-SNAPSHOT.jar:/home/mfjamil/.m2/repository/org/reflections/reflections/0.9.10/reflections-0.9.10.jar:/home/mfjamil/.m2/repository/com/google/guava/guava/15.0/guava-15.0.jar:/home/mfjamil/.m2/repository/org/javassist/javassist/3.19.0-GA/javassist-3.19.0-GA.jar:/home/mfjamil/.m2/repository/com/google/code/findbugs/annotations/2.0.1/annotations-2.0.1.jar:/media/mfjamil/Ubuntu_second/work/java/smyld-java/apps/pe/PEModel/target/PEModel-1.0.2-SNAPSHOT.jar:/media/mfjamil/Ubuntu_second/work/java/smyld-java/main/smyld-gui/target/smyld-main-gui-1.0.2-SNAPSHOT.jar:/media/mfjamil/Ubuntu_second/work/java/smyld-java/main/smyld/target/smyld-main-api-1.0.2-SNAPSHOT.jar:/home/mfjamil/.m2/repository/javax/servlet/servlet-api/2.5/servlet-api-2.5.jar:/home/mfjamil/.m2/repository/org/jdom/jdom2/2.0.6/jdom2-2.0.6.jar:/home/mfjamil/.m2/repository/com/amihaiemil/web/eo-yaml/2.0.1/eo-yaml-2.0.1.jar:/home/mfjamil/.m2/repository/commons-beanutils/commons-beanutils/1.9.3/commons-beanutils-1.9.3.jar:/home/mfjamil/.m2/repository/commons-logging/commons-logging/1.2/commons-logging-1.2.jar:/home/mfjamil/.m2/repository/commons-collections/commons-collections/3.2.2/commons-collections-3.2.2.jar:/home/mfjamil/.m2/repository/com/fasterxml/jackson/core/jackson-databind/2.9.8/jackson-databind-2.9.8.jar:/home/mfjamil/.m2/repository/com/fasterxml/jackson/core/jackson-annotations/2.9.0/jackson-annotations-2.9.0.jar:/home/mfjamil/.m2/repository/com/fasterxml/jackson/core/jackson-core/2.9.8/jackson-core-2.9.8.jar:/media/mfjamil/Ubuntu_second/work/java/smyld-java/apps/pe/PortalEngine/target/smyld-app-portalengine-1.0.2-SNAPSHOT.jar:/media/mfjamil/Ubuntu_second/work/java/smyld-java/main/smyld-lang/target/smyld-main-lang-1.0.2-SNAPSHOT.jar:/media/mfjamil/Ubuntu_second/work/java/smyld-java/main/smyld-db/target/smyld-main-db-1.0.2-SNAPSHOT.jar:/home/mfjamil/.m2/repository/com/oracle/ojdbc14/10.2.0.4.0/ojdbc14-10.2.0.4.0.jar:/home/mfjamil/.m2/repository/javax/inject/javax.inject/1/javax.inject-1.jar:"/>
    <property name="java.vm.vendor" value="Oracle Corporation"/>
    <property name="sun.arch.data.model" value="64"/>
    <property name="java.vendor.url" value="http://java.oracle.com/"/>
    <property name="user.timezone" value=""/>
    <property name="java.vm.specification.version" value="9"/>
    <property name="os.name" value="Linux"/>
    <property name="sun.java.launcher" value="SUN_STANDARD"/>
    <property name="user.country" value="US"/>
    <property name="sun.boot.library.path" value="/media/mfjamil/Ubuntu_second/work/sdk/jdk/jdk-9.0.4/lib"/>
    <property name="sun.java.command" value="/media/mfjamil/Ubuntu_second/work/java/smyld-java/apps/pe/SPortalEngine/target/surefire/surefirebooter5828780841449525667.jar /media/mfjamil/Ubuntu_second/work/java/smyld-java/apps/pe/SPortalEngine/target/surefire 2019-10-05T23-44-48_580-jvmRun1 surefire833841479599133590tmp surefire_015888271246027246462tmp"/>
    <property name="jdk.debug" value="release"/>
    <property name="surefire.test.class.path" value="/media/mfjamil/Ubuntu_second/work/java/smyld-java/apps/pe/SPortalEngine/target/test-classes:/media/mfjamil/Ubuntu_second/work/java/smyld-java/apps/pe/SPortalEngine/target/classes:/home/mfjamil/.m2/repository/org/springframework/boot/spring-boot-starter/2.1.5.RELEASE/spring-boot-starter-2.1.5.RELEASE.jar:/home/mfjamil/.m2/repository/org/springframework/boot/spring-boot/2.1.5.RELEASE/spring-boot-2.1.5.RELEASE.jar:/home/mfjamil/.m2/repository/org/springframework/spring-context/5.1.7.RELEASE/spring-context-5.1.7.RELEASE.jar:/home/mfjamil/.m2/repository/org/springframework/spring-aop/5.1.7.RELEASE/spring-aop-5.1.7.RELEASE.jar:/home/mfjamil/.m2/repository/org/springframework/spring-beans/5.1.7.RELEASE/spring-beans-5.1.7.RELEASE.jar:/home/mfjamil/.m2/repository/org/springframework/spring-expression/5.1.7.RELEASE/spring-expression-5.1.7.RELEASE.jar:/home/mfjamil/.m2/repository/org/springframework/boot/spring-boot-autoconfigure/2.1.5.RELEASE/spring-boot-autoconfigure-2.1.5.RELEASE.jar:/home/mfjamil/.m2/repository/org/springframework/boot/spring-boot-starter-logging/2.1.5.RELEASE/spring-boot-starter-logging-2.1.5.RELEASE.jar:/home/mfjamil/.m2/repository/ch/qos/logback/logback-classic/1.2.3/logback-classic-1.2.3.jar:/home/mfjamil/.m2/repository/ch/qos/logback/logback-core/1.2.3/logback-core-1.2.3.jar:/home/mfjamil/.m2/repository/org/apache/logging/log4j/log4j-to-slf4j/2.11.2/log4j-to-slf4j-2.11.2.jar:/home/mfjamil/.m2/repository/org/apache/logging/log4j/log4j-api/2.11.2/log4j-api-2.11.2.jar:/home/mfjamil/.m2/repository/org/slf4j/jul-to-slf4j/1.7.26/jul-to-slf4j-1.7.26.jar:/home/mfjamil/.m2/repository/javax/annotation/javax.annotation-api/1.3.2/javax.annotation-api-1.3.2.jar:/home/mfjamil/.m2/repository/org/springframework/spring-core/5.1.7.RELEASE/spring-core-5.1.7.RELEASE.jar:/home/mfjamil/.m2/repository/org/springframework/spring-jcl/5.1.7.RELEASE/spring-jcl-5.1.7.RELEASE.jar:/home/mfjamil/.m2/repository/org/yaml/snakeyaml/1.23/snakeyaml-1.23.jar:/home/mfjamil/.m2/repository/org/springframework/boot/spring-boot-starter-test/2.1.5.RELEASE/spring-boot-starter-test-2.1.5.RELEASE.jar:/home/mfjamil/.m2/repository/org/springframework/boot/spring-boot-test/2.1.5.RELEASE/spring-boot-test-2.1.5.RELEASE.jar:/home/mfjamil/.m2/repository/org/springframework/boot/spring-boot-test-autoconfigure/2.1.5.RELEASE/spring-boot-test-autoconfigure-2.1.5.RELEASE.jar:/home/mfjamil/.m2/repository/com/jayway/jsonpath/json-path/2.4.0/json-path-2.4.0.jar:/home/mfjamil/.m2/repository/net/minidev/json-smart/2.3/json-smart-2.3.jar:/home/mfjamil/.m2/repository/net/minidev/accessors-smart/1.2/accessors-smart-1.2.jar:/home/mfjamil/.m2/repository/org/ow2/asm/asm/5.0.4/asm-5.0.4.jar:/home/mfjamil/.m2/repository/org/slf4j/slf4j-api/1.7.26/slf4j-api-1.7.26.jar:/home/mfjamil/.m2/repository/junit/junit/4.12/junit-4.12.jar:/home/mfjamil/.m2/repository/org/assertj/assertj-core/3.11.1/assertj-core-3.11.1.jar:/home/mfjamil/.m2/repository/org/mockito/mockito-core/2.23.4/mockito-core-2.23.4.jar:/home/mfjamil/.m2/repository/net/bytebuddy/byte-buddy/1.9.12/byte-buddy-1.9.12.jar:/home/mfjamil/.m2/repository/net/bytebuddy/byte-buddy-agent/1.9.12/byte-buddy-agent-1.9.12.jar:/home/mfjamil/.m2/repository/org/objenesis/objenesis/2.6/objenesis-2.6.jar:/home/mfjamil/.m2/repository/org/hamcrest/hamcrest-core/1.3/hamcrest-core-1.3.jar:/home/mfjamil/.m2/repository/org/hamcrest/hamcrest-library/1.3/hamcrest-library-1.3.jar:/home/mfjamil/.m2/repository/org/skyscreamer/jsonassert/1.5.0/jsonassert-1.5.0.jar:/home/mfjamil/.m2/repository/com/vaadin/external/google/android-json/0.0.20131108.vaadin1/android-json-0.0.20131108.vaadin1.jar:/home/mfjamil/.m2/repository/org/springframework/spring-test/5.1.7.RELEASE/spring-test-5.1.7.RELEASE.jar:/home/mfjamil/.m2/repository/org/xmlunit/xmlunit-core/2.6.2/xmlunit-core-2.6.2.jar:/home/mfjamil/.m2/repository/javax/xml/bind/jaxb-api/2.3.1/jaxb-api-2.3.1.jar:/home/mfjamil/.m2/repository/javax/activation/javax.activation-api/1.2.0/javax.activation-api-1.2.0.jar:/media/mfjamil/Ubuntu_second/work/java/smyld-java/apps/pe/PECore/target/PECore-1.0.2-SNAPSHOT.jar:/home/mfjamil/.m2/repository/org/reflections/reflections/0.9.10/reflections-0.9.10.jar:/home/mfjamil/.m2/repository/com/google/guava/guava/15.0/guava-15.0.jar:/home/mfjamil/.m2/repository/org/javassist/javassist/3.19.0-GA/javassist-3.19.0-GA.jar:/home/mfjamil/.m2/repository/com/google/code/findbugs/annotations/2.0.1/annotations-2.0.1.jar:/media/mfjamil/Ubuntu_second/work/java/smyld-java/apps/pe/PEModel/target/PEModel-1.0.2-SNAPSHOT.jar:/media/mfjamil/Ubuntu_second/work/java/smyld-java/main/smyld-gui/target/smyld-main-gui-1.0.2-SNAPSHOT.jar:/media/mfjamil/Ubuntu_second/work/java/smyld-java/main/smyld/target/smyld-main-api-1.0.2-SNAPSHOT.jar:/home/mfjamil/.m2/repository/javax/servlet/servlet-api/2.5/servlet-api-2.5.jar:/home/mfjamil/.m2/repository/org/jdom/jdom2/2.0.6/jdom2-2.0.6.jar:/home/mfjamil/.m2/repository/com/amihaiemil/web/eo-yaml/2.0.1/eo-yaml-2.0.1.jar:/home/mfjamil/.m2/repository/commons-beanutils/commons-beanutils/1.9.3/commons-beanutils-1.9.3.jar:/home/mfjamil/.m2/repository/commons-logging/commons-logging/1.2/commons-logging-1.2.jar:/home/mfjamil/.m2/repository/commons-collections/commons-collections/3.2.2/commons-collections-3.2.2.jar:/home/mfjamil/.m2/repository/com/fasterxml/jackson/core/jackson-databind/2.9.8/jackson-databind-2.9.8.jar:/home/mfjamil/.m2/repository/com/fasterxml/jackson/core/jackson-annotations/2.9.0/jackson-annotations-2.9.0.jar:/home/mfjamil/.m2/repository/com/fasterxml/jackson/core/jackson-core/2.9.8/jackson-core-2.9.8.jar:/media/mfjamil/Ubuntu_second/work/java/smyld-java/apps/pe/PortalEngine/target/smyld-app-portalengine-1.0.2-SNAPSHOT.jar:/media/mfjamil/Ubuntu_second/work/java/smyld-java/main/smyld-lang/target/smyld-main-lang-1.0.2-SNAPSHOT.jar:/media/mfjamil/Ubuntu_second/work/java/smyld-java/main/smyld-db/target/smyld-main-db-1.0.2-SNAPSHOT.jar:/home/mfjamil/.m2/repository/com/oracle/ojdbc14/10.2.0.4.0/ojdbc14-10.2.0.4.0.jar:/home/mfjamil/.m2/repository/javax/inject/javax.inject/1/javax.inject-1.jar:"/>
    <property name="sun.cpu.endian" value="little"/>
    <property name="user.home" value="/home/mfjamil"/>
    <property name="user.language" value="en"/>
    <property name="java.specification.vendor" value="Oracle Corporation"/>
    <property name="java.home" value="/media/mfjamil/Ubuntu_second/work/sdk/jdk/jdk-9.0.4"/>
    <property name="file.separator" value="/"/>
    <property name="basedir" value="/media/mfjamil/Ubuntu_second/work/java/smyld-java/apps/pe/SPortalEngine"/>
    <property name="java.vm.compressedOopsMode" value="Zero based"/>
    <property name="line.separator" value="&#10;"/>
    <property name="java.vm.specification.vendor" value="Oracle Corporation"/>
    <property name="java.specification.name" value="Java Platform API Specification"/>
    <property name="java.awt.graphicsenv" value="sun.awt.X11GraphicsEnvironment"/>
    <property name="surefire.real.class.path" value="/media/mfjamil/Ubuntu_second/work/java/smyld-java/apps/pe/SPortalEngine/target/surefire/surefirebooter5828780841449525667.jar"/>
    <property name="sun.management.compiler" value="HotSpot 64-Bit Tiered Compilers"/>
    <property name="java.runtime.version" value="9.0.4+11"/>
    <property name="user.name" value="mfjamil"/>
    <property name="path.separator" value=":"/>
    <property name="os.version" value="5.0.0-29-generic"/>
    <property name="java.runtime.name" value="Java(TM) SE Runtime Environment"/>
    <property name="file.encoding" value="UTF-8"/>
    <property name="java.vm.name" value="Java HotSpot(TM) 64-Bit Server VM"/>
    <property name="localRepository" value="/home/mfjamil/.m2/repository"/>
    <property name="java.vendor.url.bug" value="http://bugreport.java.com/bugreport/"/>
    <property name="java.io.tmpdir" value="/tmp"/>
    <property name="java.version" value="9.0.4"/>
    <property name="user.dir" value="/media/mfjamil/Ubuntu_second/work/java/smyld-java/apps/pe/SPortalEngine"/>
    <property name="os.arch" value="amd64"/>
    <property name="java.vm.specification.name" value="Java Virtual Machine Specification"/>
    <property name="java.awt.printerjob" value="sun.print.PSPrinterJob"/>
    <property name="sun.os.patch.level" value="unknown"/>
    <property name="java.library.path" value="/usr/java/packages/lib:/usr/lib64:/lib64:/lib:/usr/lib"/>
    <property name="java.vm.info" value="mixed mode"/>
    <property name="java.vendor" value="Oracle Corporation"/>
    <property name="java.vm.version" value="9.0.4+11"/>
    <property name="sun.io.unicode.encoding" value="UnicodeLittle"/>
    <property name="java.class.version" value="53.0"/>
  </properties>
  <testcase name="testCommandLine" classname="org.smyld.app.spe.SPortalEngineApplicationTests" time="1.355"/>
  <testcase name="testFactory" classname="org.smyld.app.spe.SPortalEngineApplicationTests" time="0.066"/>
  <testcase name="contextLoads" classname="org.smyld.app.spe.SPortalEngineApplicationTests" time="0.001"/>
  <testcase name="testSettingsToolkitDetection" classname="org.smyld.app.spe.SPortalEngineApplicationTests" time="0.273"/>
</testsuite>